<?xml version="1.0" encoding="UTF-8"?>
<testng-results ignored="0" total="6" passed="6" failed="0" skipped="0">
  <reporter-output>
  </reporter-output>
  <suite started-at="2020-10-04T18:49:54Z" name="Surefire suite" finished-at="2020-10-04T18:49:54Z" duration-ms="35">
    <groups>
    </groups>
    <test started-at="2020-10-04T18:49:54Z" name="Surefire test" finished-at="2020-10-04T18:49:54Z" duration-ms="35">
      <class name="qaclickacademy.Mavenjava.AppiumTest">
        <test-method signature="Androidapp()[pri:0, instance:qaclickacademy.Mavenjava.AppiumTest@2f0a87b3]" started-at="2020-10-04T18:49:54Z" name="Androidapp" finished-at="2020-10-04T18:49:54Z" duration-ms="6" status="PASS">
          <reporter-output>
          </reporter-output>
        </test-method> <!-- Androidapp -->
        <test-method signature="IOSapp()[pri:0, instance:qaclickacademy.Mavenjava.AppiumTest@2f0a87b3]" started-at="2020-10-04T18:49:54Z" name="IOSapp" finished-at="2020-10-04T18:49:54Z" duration-ms="0" status="PASS">
          <reporter-output>
          </reporter-output>
        </test-method> <!-- IOSapp -->
      </class> <!-- qaclickacademy.Mavenjava.AppiumTest -->
      <class name="qaclickacademy.Mavenjava.RESTAPITest">
        <test-method signature="PostJIRA()[pri:0, instance:qaclickacademy.Mavenjava.RESTAPITest@319b92f3]" started-at="2020-10-04T18:49:54Z" name="PostJIRA" finished-at="2020-10-04T18:49:54Z" duration-ms="0" status="PASS">
          <reporter-output>
          </reporter-output>
        </test-method> <!-- PostJIRA -->
        <test-method signature="deleteTwitter()[pri:0, instance:qaclickacademy.Mavenjava.RESTAPITest@319b92f3]" started-at="2020-10-04T18:49:54Z" name="deleteTwitter" finished-at="2020-10-04T18:49:54Z" duration-ms="0" status="PASS">
          <reporter-output>
          </reporter-output>
        </test-method> <!-- deleteTwitter -->
      </class> <!-- qaclickacademy.Mavenjava.RESTAPITest -->
      <class name="qaclickacademy.Mavenjava.SeleniumTest">
        <test-method signature="BrowserAutomation()[pri:0, instance:qaclickacademy.Mavenjava.SeleniumTest@fcd6521]" started-at="2020-10-04T18:49:54Z" name="BrowserAutomation" finished-at="2020-10-04T18:49:54Z" duration-ms="0" status="PASS">
          <reporter-output>
          </reporter-output>
        </test-method> <!-- BrowserAutomation -->
        <test-method signature="elementsUI()[pri:0, instance:qaclickacademy.Mavenjava.SeleniumTest@fcd6521]" started-at="2020-10-04T18:49:54Z" name="elementsUI" finished-at="2020-10-04T18:49:54Z" duration-ms="0" status="PASS">
          <reporter-output>
          </reporter-output>
        </test-method> <!-- elementsUI -->
      </class> <!-- qaclickacademy.Mavenjava.SeleniumTest -->
    </test> <!-- Surefire test -->
  </suite> <!-- Surefire suite -->
</testng-results>
